<?xml version="1.0" encoding="UTF-8"?>
<TestRun id="3f1fddf6-579b-4f08-aedd-0b6628ada5f7" name="rsong@L-7-KLAU 2015-07-30 10:50:06" runUser="PV\rsong" xmlns="http://microsoft.com/schemas/VisualStudio/TeamTest/2010">
  <TestSettings name="Default Test Settings" id="06bf8872-1478-4fb1-b621-817ea82719a8">
    <Deployment userDeploymentRoot="C:\Users\rsong\Documents\Visual Studio 2013\Projects\UnitTestProject2\packages\SpecFlow.1.9.0\tools" useDefaultDeploymentRoot="false" runDeploymentRoot="rsong_L-7-KLAU 2015-07-30 10_50_06" />
    <Execution>
      <TestTypeSpecific />
      <AgentRule name="Execution Agents">
      </AgentRule>
    </Execution>
    <Properties />
  </TestSettings>
  <Times creation="2015-07-30T10:50:06.6020055+10:00" queuing="2015-07-30T10:50:09.7570055+10:00" start="2015-07-30T10:50:10.1090055+10:00" finish="2015-07-30T10:50:12.4660055+10:00" />
  <ResultSummary outcome="Failed">
    <Counters total="1" executed="1" error="0" failed="1" timeout="0" aborted="0" inconclusive="0" passedButRunAborted="0" notRunnable="0" notExecuted="0" disconnected="0" warning="0" passed="0" completed="0" inProgress="0" pending="0" />
  </ResultSummary>
  <TestDefinitions>
    <UnitTest name="AddTwoNumbers" storage="c:\users\rsong\documents\visual studio 2013\projects\unittestproject2\unittestproject2\bin\debug\specflow_supportpoint.dll" id="50ada605-9205-c4f2-b559-ed14e31d881f">
      <Description>Add two numbers</Description>
      <TestCategory>
        <TestCategoryItem TestCategory="mytag" />
      </TestCategory>
      <Execution id="9ae11296-e3ba-4c73-94b6-bd2162f6b6a4" />
      <Properties>
        <Property>
          <Key>FeatureTitle</Key>
          <Value>SpecFlowFeature1</Value>
        </Property>
      </Properties>
      <TestMethod codeBase="C:/Users/rsong/Documents/Visual Studio 2013/Projects/UnitTestProject2/UnitTestProject2/bin/Debug/SpecFlow_SupportPoint.DLL" adapterTypeName="Microsoft.VisualStudio.TestTools.TestTypes.Unit.UnitTestAdapter, Microsoft.VisualStudio.QualityTools.Tips.UnitTest.Adapter, Version=12.0.0.0, Culture=neutral, PublicKeyToken=b03f5f7f11d50a3a" className="SpecFlow_SupportPoint.SpecFlowFeatures.SpecFlowFeature1Feature_MsTest, SpecFlow_SupportPoint, Version=1.0.0.0, Culture=neutral, PublicKeyToken=null" name="AddTwoNumbers" />
    </UnitTest>
  </TestDefinitions>
  <TestLists>
    <TestList name="Results Not in a List" id="8c84fa94-04c1-424b-9868-57a2d4851a1d" />
    <TestList name="All Loaded Results" id="19431567-8539-422a-85d7-44ee4e166bda" />
  </TestLists>
  <TestEntries>
    <TestEntry testId="50ada605-9205-c4f2-b559-ed14e31d881f" executionId="9ae11296-e3ba-4c73-94b6-bd2162f6b6a4" testListId="8c84fa94-04c1-424b-9868-57a2d4851a1d" />
  </TestEntries>
  <Results>
    <UnitTestResult executionId="9ae11296-e3ba-4c73-94b6-bd2162f6b6a4" testId="50ada605-9205-c4f2-b559-ed14e31d881f" testName="AddTwoNumbers" computerName="L-7-KLAU" startTime="2015-07-30T10:50:10.9260055+10:00" endTime="2015-07-30T10:50:12.4220055+10:00" testType="13cdc9d9-ddb5-4fa4-a97d-d965ccfc6d4b" outcome="Failed" testListId="8c84fa94-04c1-424b-9868-57a2d4851a1d" relativeResultsDirectory="9ae11296-e3ba-4c73-94b6-bd2162f6b6a4">
      <Output>
        <ErrorInfo>
          <Message>Class Initialization method SpecFlow_SupportPoint.SpecFlowFeatures.SpecFlowFeature1Feature_MsTest.FeatureSetup threw exception. TechTalk.SpecFlow.SpecFlowException: TechTalk.SpecFlow.SpecFlowException: Unable to load plugin: SpecRun. Please check http://go.specflow.org/doc-plugins for details. ---&gt; System.IO.FileNotFoundException: Could not load file or assembly 'SpecRun.SpecFlowPlugin' or one of its dependencies. The system cannot find the file specified.WRN: Assembly binding logging is turned OFF.
To enable assembly bind failure logging, set the registry value [HKLM\Software\Microsoft\Fusion!EnableLog] (DWORD) to 1.
Note: There is some performance penalty associated with assembly bind failure logging.
To turn this feature off, remove the registry value [HKLM\Software\Microsoft\Fusion!EnableLog].
.</Message>
          <StackTrace>    at System.Reflection.RuntimeAssembly._nLoad(AssemblyName fileName, String codeBase, Evidence assemblySecurity, RuntimeAssembly locationHint, StackCrawlMark&amp; stackMark, IntPtr pPrivHostBinder, Boolean throwOnFileNotFound, Boolean forIntrospection, Boolean suppressSecurityChecks)
   at System.Reflection.RuntimeAssembly.nLoad(AssemblyName fileName, String codeBase, Evidence assemblySecurity, RuntimeAssembly locationHint, StackCrawlMark&amp; stackMark, IntPtr pPrivHostBinder, Boolean throwOnFileNotFound, Boolean forIntrospection, Boolean suppressSecurityChecks)
   at System.Reflection.RuntimeAssembly.InternalLoadAssemblyName(AssemblyName assemblyRef, Evidence assemblySecurity, RuntimeAssembly reqAssembly, StackCrawlMark&amp; stackMark, IntPtr pPrivHostBinder, Boolean throwOnFileNotFound, Boolean forIntrospection, Boolean suppressSecurityChecks)
   at System.Reflection.RuntimeAssembly.InternalLoad(String assemblyString, Evidence assemblySecurity, StackCrawlMark&amp; stackMark, IntPtr pPrivHostBinder, Boolean forIntrospection)
   at System.Reflection.RuntimeAssembly.InternalLoad(String assemblyString, Evidence assemblySecurity, StackCrawlMark&amp; stackMark, Boolean forIntrospection)
   at System.Reflection.Assembly.Load(String assemblyString)
   at TechTalk.SpecFlow.Infrastructure.RuntimePluginLoader.LoadPlugin(PluginDescriptor pluginDescriptor)
 --- End of inner exception stack trace ---
    at TechTalk.SpecFlow.Infrastructure.RuntimePluginLoader.LoadPlugin(PluginDescriptor pluginDescriptor)
   at TechTalk.SpecFlow.Infrastructure.TestRunContainerBuilder.&lt;&gt;c__DisplayClass3.&lt;LoadPlugins&gt;b__1(PluginDescriptor pd)
   at System.Linq.Enumerable.WhereSelectEnumerableIterator`2.MoveNext()
   at System.Linq.Enumerable.&lt;ConcatIterator&gt;d__71`1.MoveNext()
   at System.Linq.Buffer`1..ctor(IEnumerable`1 source)
   at System.Linq.Enumerable.ToArray[TSource](IEnumerable`1 source)
   at TechTalk.SpecFlow.Infrastructure.TestRunContainerBuilder.LoadPlugins(IRuntimeConfigurationProvider configurationProvider, ObjectContainer container)
   at TechTalk.SpecFlow.Infrastructure.TestRunContainerBuilder.CreateContainer(IRuntimeConfigurationProvider configurationProvider)
   at TechTalk.SpecFlow.TestRunnerManager.CreateTestRunner(TestRunnerKey key)
   at TechTalk.SpecFlow.TestRunnerManager.GetTestRunner(TestRunnerKey key)
   at TechTalk.SpecFlow.TestRunnerManager.GetTestRunner(Assembly testAssembly, Boolean async)
   at TechTalk.SpecFlow.TestRunnerManager.GetTestRunner()
   at SpecFlow_SupportPoint.SpecFlowFeatures.SpecFlowFeature1Feature_MsTest.FeatureSetup(TestContext testContext) in c:\Users\rsong\Documents\Visual Studio 2013\Projects\UnitTestProject2\UnitTestProject2\SpecFlowFeatures\SpecFlowFeature1.feature.cs:line 0
</StackTrace>
        </ErrorInfo>
      </Output>
    </UnitTestResult>
  </Results>
</TestRun>