<?xml version="1.0" encoding="UTF-8"?>
<TestRun id="57b4c4c3-ac43-4222-9895-6b52c667dd0a" name="rsong@L-7-KLAU 2015-07-30 10:59:12" runUser="PV\rsong" xmlns="http://microsoft.com/schemas/VisualStudio/TeamTest/2010">
  <TestSettings name="Default Test Settings" id="8697e9a9-850d-4f1a-85d6-d62e055a4d4d">
    <Deployment userDeploymentRoot="C:\Users\rsong\Documents\Visual Studio 2013\Projects\UnitTestProject2\packages\SpecFlow.1.9.0\tools" useDefaultDeploymentRoot="false" runDeploymentRoot="rsong_L-7-KLAU 2015-07-30 10_59_12" />
    <Execution>
      <TestTypeSpecific />
      <AgentRule name="Execution Agents">
      </AgentRule>
    </Execution>
    <Properties />
  </TestSettings>
  <Times creation="2015-07-30T10:59:12.9470055+10:00" queuing="2015-07-30T10:59:13.3780055+10:00" start="2015-07-30T10:59:13.4450055+10:00" finish="2015-07-30T10:59:13.7420055+10:00" />
  <ResultSummary outcome="Failed">
    <Counters total="1" executed="1" error="0" failed="1" timeout="0" aborted="0" inconclusive="0" passedButRunAborted="0" notRunnable="0" notExecuted="0" disconnected="0" warning="0" passed="0" completed="0" inProgress="0" pending="0" />
  </ResultSummary>
  <TestDefinitions>
    <UnitTest name="Login1" storage="c:\users\rsong\documents\visual studio 2013\projects\unittestproject2\unittestproject2\bin\debug\specflow_supportpoint.dll" id="0eb0ca11-c5dc-c1dc-9c01-438446d87777">
      <Description>login1</Description>
      <TestCategory>
        <TestCategoryItem TestCategory="login" />
      </TestCategory>
      <Execution id="ee7e0301-9a86-419e-9ee5-2901124b3ff8" />
      <Properties>
        <Property>
          <Key>FeatureTitle</Key>
          <Value>Login1</Value>
        </Property>
      </Properties>
      <TestMethod codeBase="C:/Users/rsong/Documents/Visual Studio 2013/Projects/UnitTestProject2/UnitTestProject2/bin/Debug/SpecFlow_SupportPoint.DLL" adapterTypeName="Microsoft.VisualStudio.TestTools.TestTypes.Unit.UnitTestAdapter, Microsoft.VisualStudio.QualityTools.Tips.UnitTest.Adapter, Version=12.0.0.0, Culture=neutral, PublicKeyToken=b03f5f7f11d50a3a" className="SpecFlow_SupportPoint.SpecFlowFeatures.Login1Feature, SpecFlow_SupportPoint, Version=1.0.0.0, Culture=neutral, PublicKeyToken=null" name="Login1" />
    </UnitTest>
  </TestDefinitions>
  <TestLists>
    <TestList name="Results Not in a List" id="8c84fa94-04c1-424b-9868-57a2d4851a1d" />
    <TestList name="All Loaded Results" id="19431567-8539-422a-85d7-44ee4e166bda" />
  </TestLists>
  <TestEntries>
    <TestEntry testId="0eb0ca11-c5dc-c1dc-9c01-438446d87777" executionId="ee7e0301-9a86-419e-9ee5-2901124b3ff8" testListId="8c84fa94-04c1-424b-9868-57a2d4851a1d" />
  </TestEntries>
  <Results>
    <UnitTestResult executionId="ee7e0301-9a86-419e-9ee5-2901124b3ff8" testId="0eb0ca11-c5dc-c1dc-9c01-438446d87777" testName="Login1" computerName="L-7-KLAU" startTime="2015-07-30T10:59:13.4690055+10:00" endTime="2015-07-30T10:59:13.7080055+10:00" testType="13cdc9d9-ddb5-4fa4-a97d-d965ccfc6d4b" outcome="Failed" testListId="8c84fa94-04c1-424b-9868-57a2d4851a1d" relativeResultsDirectory="ee7e0301-9a86-419e-9ee5-2901124b3ff8">
      <Output>
        <ErrorInfo>
          <Message>Class Initialization method SpecFlow_SupportPoint.SpecFlowFeatures.Login1Feature.FeatureSetup threw exception. TechTalk.SpecFlow.SpecFlowException: TechTalk.SpecFlow.SpecFlowException: Unable to load plugin: SpecRun. Please check http://go.specflow.org/doc-plugins for details. ---&gt; System.IO.FileNotFoundException: Could not load file or assembly 'SpecRun.SpecFlowPlugin' or one of its dependencies. The system cannot find the file specified.WRN: Assembly binding logging is turned OFF.
To enable assembly bind failure logging, set the registry value [HKLM\Software\Microsoft\Fusion!EnableLog] (DWORD) to 1.
Note: There is some performance penalty associated with assembly bind failure logging.
To turn this feature off, remove the registry value [HKLM\Software\Microsoft\Fusion!EnableLog].
.</Message>
          <StackTrace>    at System.Reflection.RuntimeAssembly._nLoad(AssemblyName fileName, String codeBase, Evidence assemblySecurity, RuntimeAssembly locationHint, StackCrawlMark&amp; stackMark, IntPtr pPrivHostBinder, Boolean throwOnFileNotFound, Boolean forIntrospection, Boolean suppressSecurityChecks)
   at System.Reflection.RuntimeAssembly.nLoad(AssemblyName fileName, String codeBase, Evidence assemblySecurity, RuntimeAssembly locationHint, StackCrawlMark&amp; stackMark, IntPtr pPrivHostBinder, Boolean throwOnFileNotFound, Boolean forIntrospection, Boolean suppressSecurityChecks)
   at System.Reflection.RuntimeAssembly.InternalLoadAssemblyName(AssemblyName assemblyRef, Evidence assemblySecurity, RuntimeAssembly reqAssembly, StackCrawlMark&amp; stackMark, IntPtr pPrivHostBinder, Boolean throwOnFileNotFound, Boolean forIntrospection, Boolean suppressSecurityChecks)
   at System.Reflection.RuntimeAssembly.InternalLoad(String assemblyString, Evidence assemblySecurity, StackCrawlMark&amp; stackMark, IntPtr pPrivHostBinder, Boolean forIntrospection)
   at System.Reflection.RuntimeAssembly.InternalLoad(String assemblyString, Evidence assemblySecurity, StackCrawlMark&amp; stackMark, Boolean forIntrospection)
   at System.Reflection.Assembly.Load(String assemblyString)
   at TechTalk.SpecFlow.Infrastructure.RuntimePluginLoader.LoadPlugin(PluginDescriptor pluginDescriptor)
 --- End of inner exception stack trace ---
    at TechTalk.SpecFlow.Infrastructure.RuntimePluginLoader.LoadPlugin(PluginDescriptor pluginDescriptor)
   at TechTalk.SpecFlow.Infrastructure.TestRunContainerBuilder.&lt;&gt;c__DisplayClass3.&lt;LoadPlugins&gt;b__1(PluginDescriptor pd)
   at System.Linq.Enumerable.WhereSelectEnumerableIterator`2.MoveNext()
   at System.Linq.Enumerable.&lt;ConcatIterator&gt;d__71`1.MoveNext()
   at System.Linq.Buffer`1..ctor(IEnumerable`1 source)
   at System.Linq.Enumerable.ToArray[TSource](IEnumerable`1 source)
   at TechTalk.SpecFlow.Infrastructure.TestRunContainerBuilder.LoadPlugins(IRuntimeConfigurationProvider configurationProvider, ObjectContainer container)
   at TechTalk.SpecFlow.Infrastructure.TestRunContainerBuilder.CreateContainer(IRuntimeConfigurationProvider configurationProvider)
   at TechTalk.SpecFlow.TestRunnerManager.CreateTestRunner(TestRunnerKey key)
   at TechTalk.SpecFlow.TestRunnerManager.GetTestRunner(TestRunnerKey key)
   at TechTalk.SpecFlow.TestRunnerManager.GetTestRunner(Assembly testAssembly, Boolean async)
   at TechTalk.SpecFlow.TestRunnerManager.GetTestRunner()
   at SpecFlow_SupportPoint.SpecFlowFeatures.Login1Feature.FeatureSetup(TestContext testContext) in c:\Users\rsong\Documents\Visual Studio 2013\Projects\UnitTestProject2\UnitTestProject2\SpecFlowFeatures\SpecFlowFeature1.feature.cs:line 0
</StackTrace>
        </ErrorInfo>
      </Output>
    </UnitTestResult>
  </Results>
</TestRun>