<?xml version="1.0" encoding="UTF-8"?>
<TestRun id="1c116e40-9a07-4873-8ceb-c7b32bd7637d" name="rsong@L-7-KLAU 2015-07-30 11:00:53" runUser="PV\rsong" xmlns="http://microsoft.com/schemas/VisualStudio/TeamTest/2010">
  <TestSettings name="Default Test Settings" id="62a28881-83d1-4644-83eb-ece1f3dd7d49">
    <Deployment userDeploymentRoot="C:\Users\rsong\Documents\Visual Studio 2013\Projects\UnitTestProject2\packages\SpecFlow.1.9.0\tools" useDefaultDeploymentRoot="false" runDeploymentRoot="rsong_L-7-KLAU 2015-07-30 11_00_53" />
    <Execution>
      <TestTypeSpecific />
      <AgentRule name="Execution Agents">
      </AgentRule>
    </Execution>
    <Properties />
  </TestSettings>
  <Times creation="2015-07-30T11:00:53.7080055+10:00" queuing="2015-07-30T11:00:54.1500055+10:00" start="2015-07-30T11:00:54.2170055+10:00" finish="2015-07-30T11:00:54.5150055+10:00" />
  <ResultSummary outcome="Failed">
    <Counters total="1" executed="1" error="0" failed="1" timeout="0" aborted="0" inconclusive="0" passedButRunAborted="0" notRunnable="0" notExecuted="0" disconnected="0" warning="0" passed="0" completed="0" inProgress="0" pending="0" />
  </ResultSummary>
  <TestDefinitions>
    <UnitTest name="Login" storage="c:\users\rsong\documents\visual studio 2013\projects\unittestproject2\unittestproject2\bin\debug\specflow_supportpoint.dll" id="68ca10f8-1141-57ca-7d8f-5436a9bd77e9">
      <Description>login</Description>
      <TestCategory>
        <TestCategoryItem TestCategory="login" />
      </TestCategory>
      <Execution id="2a90bbf0-ec0d-4940-823d-db40260fdc18" />
      <Properties>
        <Property>
          <Key>FeatureTitle</Key>
          <Value>Login</Value>
        </Property>
      </Properties>
      <TestMethod codeBase="C:/Users/rsong/Documents/Visual Studio 2013/Projects/UnitTestProject2/UnitTestProject2/bin/Debug/SpecFlow_SupportPoint.DLL" adapterTypeName="Microsoft.VisualStudio.TestTools.TestTypes.Unit.UnitTestAdapter, Microsoft.VisualStudio.QualityTools.Tips.UnitTest.Adapter, Version=12.0.0.0, Culture=neutral, PublicKeyToken=b03f5f7f11d50a3a" className="SpecFlow_SupportPoint.SpecFlowFeatures.LoginFeature, SpecFlow_SupportPoint, Version=1.0.0.0, Culture=neutral, PublicKeyToken=null" name="Login" />
    </UnitTest>
  </TestDefinitions>
  <TestLists>
    <TestList name="Results Not in a List" id="8c84fa94-04c1-424b-9868-57a2d4851a1d" />
    <TestList name="All Loaded Results" id="19431567-8539-422a-85d7-44ee4e166bda" />
  </TestLists>
  <TestEntries>
    <TestEntry testId="68ca10f8-1141-57ca-7d8f-5436a9bd77e9" executionId="2a90bbf0-ec0d-4940-823d-db40260fdc18" testListId="8c84fa94-04c1-424b-9868-57a2d4851a1d" />
  </TestEntries>
  <Results>
    <UnitTestResult executionId="2a90bbf0-ec0d-4940-823d-db40260fdc18" testId="68ca10f8-1141-57ca-7d8f-5436a9bd77e9" testName="Login" computerName="L-7-KLAU" startTime="2015-07-30T11:00:54.2410055+10:00" endTime="2015-07-30T11:00:54.4810055+10:00" testType="13cdc9d9-ddb5-4fa4-a97d-d965ccfc6d4b" outcome="Failed" testListId="8c84fa94-04c1-424b-9868-57a2d4851a1d" relativeResultsDirectory="2a90bbf0-ec0d-4940-823d-db40260fdc18">
      <Output>
        <ErrorInfo>
          <Message>Class Initialization method SpecFlow_SupportPoint.SpecFlowFeatures.LoginFeature.FeatureSetup threw exception. TechTalk.SpecFlow.SpecFlowException: TechTalk.SpecFlow.SpecFlowException: Unable to load plugin: SpecRun. Please check http://go.specflow.org/doc-plugins for details. ---&gt; System.IO.FileNotFoundException: Could not load file or assembly 'SpecRun.SpecFlowPlugin' or one of its dependencies. The system cannot find the file specified.WRN: Assembly binding logging is turned OFF.
To enable assembly bind failure logging, set the registry value [HKLM\Software\Microsoft\Fusion!EnableLog] (DWORD) to 1.
Note: There is some performance penalty associated with assembly bind failure logging.
To turn this feature off, remove the registry value [HKLM\Software\Microsoft\Fusion!EnableLog].
.</Message>
          <StackTrace>    at System.Reflection.RuntimeAssembly._nLoad(AssemblyName fileName, String codeBase, Evidence assemblySecurity, RuntimeAssembly locationHint, StackCrawlMark&amp; stackMark, IntPtr pPrivHostBinder, Boolean throwOnFileNotFound, Boolean forIntrospection, Boolean suppressSecurityChecks)
   at System.Reflection.RuntimeAssembly.nLoad(AssemblyName fileName, String codeBase, Evidence assemblySecurity, RuntimeAssembly locationHint, StackCrawlMark&amp; stackMark, IntPtr pPrivHostBinder, Boolean throwOnFileNotFound, Boolean forIntrospection, Boolean suppressSecurityChecks)
   at System.Reflection.RuntimeAssembly.InternalLoadAssemblyName(AssemblyName assemblyRef, Evidence assemblySecurity, RuntimeAssembly reqAssembly, StackCrawlMark&amp; stackMark, IntPtr pPrivHostBinder, Boolean throwOnFileNotFound, Boolean forIntrospection, Boolean suppressSecurityChecks)
   at System.Reflection.RuntimeAssembly.InternalLoad(String assemblyString, Evidence assemblySecurity, StackCrawlMark&amp; stackMark, IntPtr pPrivHostBinder, Boolean forIntrospection)
   at System.Reflection.RuntimeAssembly.InternalLoad(String assemblyString, Evidence assemblySecurity, StackCrawlMark&amp; stackMark, Boolean forIntrospection)
   at System.Reflection.Assembly.Load(String assemblyString)
   at TechTalk.SpecFlow.Infrastructure.RuntimePluginLoader.LoadPlugin(PluginDescriptor pluginDescriptor)
 --- End of inner exception stack trace ---
    at TechTalk.SpecFlow.Infrastructure.RuntimePluginLoader.LoadPlugin(PluginDescriptor pluginDescriptor)
   at TechTalk.SpecFlow.Infrastructure.TestRunContainerBuilder.&lt;&gt;c__DisplayClass3.&lt;LoadPlugins&gt;b__1(PluginDescriptor pd)
   at System.Linq.Enumerable.WhereSelectEnumerableIterator`2.MoveNext()
   at System.Linq.Enumerable.&lt;ConcatIterator&gt;d__71`1.MoveNext()
   at System.Linq.Buffer`1..ctor(IEnumerable`1 source)
   at System.Linq.Enumerable.ToArray[TSource](IEnumerable`1 source)
   at TechTalk.SpecFlow.Infrastructure.TestRunContainerBuilder.LoadPlugins(IRuntimeConfigurationProvider configurationProvider, ObjectContainer container)
   at TechTalk.SpecFlow.Infrastructure.TestRunContainerBuilder.CreateContainer(IRuntimeConfigurationProvider configurationProvider)
   at TechTalk.SpecFlow.TestRunnerManager.CreateTestRunner(TestRunnerKey key)
   at TechTalk.SpecFlow.TestRunnerManager.GetTestRunner(TestRunnerKey key)
   at TechTalk.SpecFlow.TestRunnerManager.GetTestRunner(Assembly testAssembly, Boolean async)
   at TechTalk.SpecFlow.TestRunnerManager.GetTestRunner()
   at SpecFlow_SupportPoint.SpecFlowFeatures.LoginFeature.FeatureSetup(TestContext testContext) in c:\Users\rsong\Documents\Visual Studio 2013\Projects\UnitTestProject2\UnitTestProject2\SpecFlowFeatures\SpecFlow_Login.feature.cs:line 0
</StackTrace>
        </ErrorInfo>
      </Output>
    </UnitTestResult>
  </Results>
</TestRun>